Traceback (most recent call last):
  File "/home/cuquantum/xebsim/run.py", line 41, in <module>
    large_scale_xeb_sim_qsim(circuit, noise_model, cycle_depths=cycle_depths, shots=shots, save_resume_filepath=save_resume_filepath)
  File "/home/cuquantum/xebsim/sim/simulate.py", line 168, in large_scale_xeb_sim_qsim
    noisy_res = noisy_sim.sample(circuit_with_measure, repetitions=shots)
  File "/home/cuquantum/conda/envs/cuquantum-23.06/lib/python3.9/site-packages/cirq/work/sampler.py", line 172, in sample
    sweep_results = self.run_sweep(program, params=sweep, repetitions=repetitions)
  File "/home/cuquantum/conda/envs/cuquantum-23.06/lib/python3.9/site-packages/cirq/sim/simulator.py", line 72, in run_sweep
    return list(self.run_sweep_iter(program, params, repetitions))
  File "/home/cuquantum/conda/envs/cuquantum-23.06/lib/python3.9/site-packages/cirq/sim/simulator.py", line 103, in run_sweep_iter
    records = self._run(
  File "/home/cuquantum/conda/envs/cuquantum-23.06/lib/python3.9/site-packages/qsimcirq/qsim_simulator.py", line 324, in _run
    return self._sample_measure_results(solved_circuit, repetitions)
  File "/home/cuquantum/conda/envs/cuquantum-23.06/lib/python3.9/site-packages/qsimcirq/qsim_simulator.py", line 463, in _sample_measure_results
    measurements[i] = sampler_fn(options)
KeyboardInterrupt
Traceback (most recent call last):
  File "/home/cuquantum/xebsim/run_2d.py", line 40, in <module>
    large_scale_xeb_sim_qsim(circuit, noise_model, cycle_depths=cycle_depths, shots=shots, save_resume_filepath=save_resume_filepath)
  File "/home/cuquantum/xebsim/sim/simulate.py", line 168, in large_scale_xeb_sim_qsim
    noisy_res = noisy_sim.sample(circuit_with_measure, repetitions=shots)
  File "/home/cuquantum/conda/envs/cuquantum-23.06/lib/python3.9/site-packages/cirq/work/sampler.py", line 172, in sample
    sweep_results = self.run_sweep(program, params=sweep, repetitions=repetitions)
  File "/home/cuquantum/conda/envs/cuquantum-23.06/lib/python3.9/site-packages/cirq/sim/simulator.py", line 72, in run_sweep
    return list(self.run_sweep_iter(program, params, repetitions))
  File "/home/cuquantum/conda/envs/cuquantum-23.06/lib/python3.9/site-packages/cirq/sim/simulator.py", line 103, in run_sweep_iter
    records = self._run(
  File "/home/cuquantum/conda/envs/cuquantum-23.06/lib/python3.9/site-packages/qsimcirq/qsim_simulator.py", line 324, in _run
    return self._sample_measure_results(solved_circuit, repetitions)
  File "/home/cuquantum/conda/envs/cuquantum-23.06/lib/python3.9/site-packages/qsimcirq/qsim_simulator.py", line 463, in _sample_measure_results
    measurements[i] = sampler_fn(options)
KeyboardInterrupt
Traceback (most recent call last):
  File "/home/cuquantum/xebsim/run_2d.py", line 40, in <module>
    large_scale_xeb_sim_qsim(circuit, noise_model, cycle_depths=cycle_depths, shots=shots, save_resume_filepath=save_resume_filepath)
  File "/home/cuquantum/xebsim/sim/simulate.py", line 169, in large_scale_xeb_sim_qsim
    noisy_res = noisy_sim.sample(circuit_with_measure, repetitions=shots)
  File "/home/cuquantum/conda/envs/cuquantum-23.06/lib/python3.9/site-packages/cirq/work/sampler.py", line 172, in sample
    sweep_results = self.run_sweep(program, params=sweep, repetitions=repetitions)
  File "/home/cuquantum/conda/envs/cuquantum-23.06/lib/python3.9/site-packages/cirq/sim/simulator.py", line 72, in run_sweep
    return list(self.run_sweep_iter(program, params, repetitions))
  File "/home/cuquantum/conda/envs/cuquantum-23.06/lib/python3.9/site-packages/cirq/sim/simulator.py", line 103, in run_sweep_iter
    records = self._run(
  File "/home/cuquantum/conda/envs/cuquantum-23.06/lib/python3.9/site-packages/qsimcirq/qsim_simulator.py", line 324, in _run
    return self._sample_measure_results(solved_circuit, repetitions)
  File "/home/cuquantum/conda/envs/cuquantum-23.06/lib/python3.9/site-packages/qsimcirq/qsim_simulator.py", line 463, in _sample_measure_results
    measurements[i] = sampler_fn(options)
KeyboardInterrupt
